Case #1: 33.33333333333333 66.66666666666666 
Case #2: 0.0 100.0 
Case #3: 25.0 25.0 25.0 25.0 
Case #4: 34.66666666666667 26.666666666666668 38.666666666666664 
Case #5: 9.393939393939393 12.424242424242424 12.424242424242424 -1.645021645021645 11.991341991341992 11.125541125541126 11.558441558441558 12.640692640692642 10.692640692640692 9.393939393939393 
Case #6: 12.953207313294083 11.434769135419895 12.085528354508831 19.894638983576076 14.688565230864581 17.725441586612952 11.217849395723583 
Case #7: 17.595628415300546 20.21857923497268 0.546448087431694 20.546448087431692 20.87431693989071 20.21857923497268 
Case #8: 10.0 10.0 10.0 10.0 10.0 10.0 10.0 10.0 10.0 10.0 
Case #9: 13.963210702341136 9.448160535117058 14.130434782608695 13.963210702341136 14.297658862876252 10.28428093645485 9.280936454849497 14.632107023411372 
Case #10: 14.285714285714285 14.285714285714285 14.285714285714285 14.285714285714285 14.285714285714285 14.285714285714285 14.285714285714285 
Case #11: 56.03448275862068 43.96551724137931 
Case #12: 72.5 27.500000000000004 
Case #13: 28.57142857142857 28.57142857142857 28.57142857142857 28.57142857142857 28.57142857142857 -71.42857142857143 28.57142857142857 
Case #14: 100.0 0.0 
Case #15: 31.393939393939398 38.303030303030305 30.303030303030305 
Case #16: -2.6625704045058884 21.761392729134666 21.761392729134666 22.22222222222222 -2.2017409114183306 -2.2017409114183306 21.761392729134666 -2.6625704045058884 22.22222222222222 
Case #17: 40.0 40.0 40.0 -60.0 40.0 
Case #18: 33.33333333333333 66.66666666666666 
Case #19: 50.0 50.0 
Case #20: -2.525252525252525 22.22222222222222 -2.525252525252525 21.96969696969697 21.96969696969697 -2.7777777777777777 22.22222222222222 22.22222222222222 -2.7777777777777777 
