Case #1: 33.33333333333333 66.66666666666666 
Case #2: 0.0 100.0 
Case #3: 25.0 25.0 25.0 25.0 
Case #4: 34.66666666666667 26.666666666666668 38.666666666666664 
Case #5: 41.705069124423964 20.967741935483872 28.80184331797235 8.525345622119817 
Case #6: 50.26178010471204 49.73821989528796 
Case #7: 10.0 10.0 10.0 10.0 10.0 10.0 10.0 10.0 10.0 10.0 
Case #8: 20.0 20.0 20.0 20.0 20.0 20.0 20.0 0 20.0 20.0 
Case #9: 0 6.101694915254238 40.0 26.440677966101696 40.0 
Case #10: 34.61538461538461 65.38461538461539 
Case #11: 13.810513810513811 9.860409860409861 17.136917136917138 15.265815265815267 10.276210276210277 17.344817344817347 16.305316305316307 
Case #12: 13.942307692307693 13.701923076923078 13.221153846153847 15.384615384615385 15.384615384615385 14.182692307692307 0.9615384615384616 13.221153846153847 
Case #13: 33.33333333333333 66.66666666666666 
Case #14: 100.0 0.0 
Case #15: 10.0 10.0 10.0 10.0 10.0 10.0 10.0 10.0 10.0 10.0 
Case #16: 23.722943722943725 14.43001443001443 10.995670995670997 16.046176046176047 12.207792207792208 12.207792207792208 10.38961038961039 
Case #17: 40.476190476190474 17.46031746031746 11.11111111111111 30.952380952380953 
Case #18: 50.0 50.0 
Case #19: 33.33333333333333 33.33333333333333 0 33.33333333333333 33.33333333333333 33.33333333333333 
Case #20: 22.22222222222222 0 0 21.97284566361873 0 22.22222222222222 21.97284566361873 0 21.97284566361873 
