Case #1: 33.33333333333333 66.66666666666666 
Case #2: 0.0 100.0 
Case #3: 25.0 25.0 25.0 25.0 
Case #4: 34.66666666666667 26.666666666666668 38.666666666666664 
Case #5: 16.666666666666664 16.666666666666664 16.666666666666664 16.666666666666664 16.666666666666664 16.666666666666664 
Case #6: 19.33916423712342 19.33916423712342 18.75607385811467 4.178814382896015 19.33916423712342 19.047619047619047 
Case #7: 10.0 10.0 10.0 10.0 10.0 10.0 10.0 10.0 10.0 10.0 
Case #8: 14.736842105263156 85.26315789473684 
Case #9: 58.778625954198475 41.221374045801525 
Case #10: 1.1591478696741855 2.662907268170426 20.457393483709275 11.936090225563909 16.447368421052634 20.457393483709275 17.449874686716793 0.0 9.429824561403509 
Case #11: 16.666666666666664 0.0 16.666666666666664 16.666666666666664 16.666666666666664 16.666666666666664 16.666666666666664 
Case #12: 12.285647169368099 12.919896640826876 12.919896640826876 12.497063659854359 11.651397697909328 12.708480150340618 12.285647169368099 11.651397697909328 1.0805731735964295 
Case #13: 33.33333333333333 66.66666666666666 
Case #14: 20.0 0.0 20.0 0.0 20.0 0.0 0.0 20.0 20.0 
Case #15: 9.758879113717823 12.398175301401109 10.052134245682632 11.665037471489084 9.31899641577061 12.251547735418704 15.037471489084393 8.732486151840991 10.785272075594657 
Case #16: 50.0 50.0 
Case #17: 25.0 25.0 25.0 0.0 25.0 
Case #18: 6.336088154269973 46.005509641873275 47.658402203856745 
Case #19: 11.281303185023098 9.968392900559204 7.780209093119378 13.907123753950886 13.250668611718941 11.50012156576708 14.344760515438853 8.436664235351325 9.530756139071238 
Case #20: 0.0 100.0 
