Case #1: 33.33333333333333 66.66666666666666 
Case #2: 0.0 100.0 
Case #3: 25.0 25.0 25.0 25.0 
Case #4: 34.66666666666667 26.666666666666668 38.666666666666664 
Case #5: 25.0 25.0 25.0 25.0 25.0 25.0 25.0 0 
Case #6: 10.0 10.0 10.0 10.0 10.0 10.0 10.0 10.0 10.0 10.0 
Case #7: 10.0 10.0 10.0 10.0 10.0 10.0 10.0 10.0 10.0 10.0 
Case #8: 1.68997668997669 14.743589743589745 13.344988344988346 14.743589743589745 13.344988344988346 14.044289044289043 14.51048951048951 13.578088578088579 
Case #9: 66.66666666666666 33.33333333333333 
Case #10: 19.047619047619047 19.047619047619047 19.047619047619047 19.047619047619047 4.761904761904762 19.047619047619047 
Case #11: 0 0 21.97284566361873 22.22222222222222 22.22222222222222 21.97284566361873 0 21.97284566361873 0 
Case #12: 100.0 0.0 
Case #13: 19.238095238095237 14.793650793650794 22.57142857142857 14.34920634920635 14.571428571428571 8.126984126984127 6.349206349206349 
Case #14: 64.22018348623854 35.77981651376147 
Case #15: 50.0 50.0 
Case #16: 0 0 29.70639032815199 23.488773747841105 24.52504317789292 27.11571675302245 
Case #17: 20.0 20.0 20.0 20.0 0 20.0 20.0 20.0 20.0 20.0 
Case #18: 25.438596491228072 24.31077694235589 24.686716791979947 10.776942355889723 5.889724310776942 8.897243107769423 
Case #19: 46.15384615384615 53.84615384615385 
Case #20: 10.884353741496598 13.378684807256235 9.070294784580499 10.430839002267573 13.83219954648526 11.337868480725625 11.791383219954648 9.523809523809524 9.750566893424036 
